info it worked if it ends with ok
verbose cli [ 'node', '/usr/local/bin/npm', 'submodule', 'init' ]
info using npm@1.0.106
info using node@v0.6.2
verbose config file /Users/eds/.npmrc
verbose config file /usr/local/etc/npmrc
verbose config file /usr/local/lib/node_modules/npm/npmrc
verbose cache add [ 'init', null ]
silly cache add: name, spec, args [ undefined, 'init', [ 'init', null ] ]
verbose parsed url { pathname: 'init', path: 'init', href: 'init' }
info addNamed [ 'init', '' ]
verbose addNamed [ null, '' ]
verbose GET init
verbose raw, before any munging init
verbose url resolving [ 'https://registry.npmjs.org/', './init' ]
verbose url resolved https://registry.npmjs.org/init
silly get cb [ 200,
silly get cb   { vary: 'Accept',
silly get cb     server: 'CouchDB/1.1.0 (Erlang OTP/R14B04)',
silly get cb     etag: '"A60NGR1VLLYN6UYTWNTV0829A"',
silly get cb     date: 'Tue, 31 Jan 2012 22:10:38 GMT',
silly get cb     'content-type': 'application/json',
silly get cb     'content-length': '3347' } ]
verbose mkdir (expected) error ENOENT, no such file or directory '/Users/eds/.npm/init'
verbose mkdir done: /Users/eds/.npm/init 755
verbose GET init/0.1.2
verbose raw, before any munging init/0.1.2
verbose url resolving [ 'https://registry.npmjs.org/', './init/0.1.2' ]
verbose url resolved https://registry.npmjs.org/init/0.1.2
silly get cb [ 200,
silly get cb   { vary: 'Accept',
silly get cb     server: 'CouchDB/1.1.0 (Erlang OTP/R14B04)',
silly get cb     etag: '"A60NGR1VLLYN6UYTWNTV0829A"',
silly get cb     date: 'Tue, 31 Jan 2012 22:10:39 GMT',
silly get cb     'content-type': 'application/json',
silly get cb     'content-length': '938' } ]
verbose mkdir (expected) error ENOENT, no such file or directory '/Users/eds/.npm/init/0.1.2'
verbose mkdir done: /Users/eds/.npm/init/0.1.2 755
verbose bin dist [ '0.6-ares1.7.5-DEV-evundefined-openssl0.9.8r-v83.6.6.8-darwin-x64-11.2.0',
verbose bin dist   { shasum: '9882ac152707bccba7fe2207c8df8050875c1504',
verbose bin dist     tarball: 'http://registry.npmjs.org/init/-/init-0.1.2.tgz' } ]
verbose addRemoteTarball [ 'https://registry.npmjs.org/init/-/init-0.1.2.tgz',
verbose addRemoteTarball   '9882ac152707bccba7fe2207c8df8050875c1504' ]
verbose mkdir (expected) error ENOENT, no such file or directory '/var/folders/qg/4xvmmmf117d2clwngc3bpps00000gp/T/npm-1328047839126'
verbose mkdir (expected) error ENOENT, no such file or directory '/var/folders/qg/4xvmmmf117d2clwngc3bpps00000gp/T/npm-1328047839126/1328047839126-0.390085537917912'
verbose mkdir done: /var/folders/qg/4xvmmmf117d2clwngc3bpps00000gp/T/npm-1328047839126/1328047839126-0.390085537917912 755
info fetch https://registry.npmjs.org/init/-/init-0.1.2.tgz
verbose fetch to /var/folders/qg/4xvmmmf117d2clwngc3bpps00000gp/T/npm-1328047839126/1328047839126-0.390085537917912/tmp.tgz
silly updated sha bytes 4020
info shasum 9882ac152707bccba7fe2207c8df8050875c1504
info shasum /var/folders/qg/4xvmmmf117d2clwngc3bpps00000gp/T/npm-1328047839126/1328047839126-0.390085537917912/tmp.tgz
verbose mkdir (expected) error ENOENT, no such file or directory '/var/folders/qg/4xvmmmf117d2clwngc3bpps00000gp/T/npm-1328047839126/1328047839126-0.390085537917912/contents'
verbose mkdir (expected) error ENOENT, no such file or directory '/var/folders/qg/4xvmmmf117d2clwngc3bpps00000gp/T/npm-1328047839126/1328047839126-0.390085537917912/contents/___package.npm'
verbose mkdir done: /var/folders/qg/4xvmmmf117d2clwngc3bpps00000gp/T/npm-1328047839126/1328047839126-0.390085537917912/contents/___package.npm 755
verbose unpack_ uid, gid [ undefined, undefined ]
verbose unpackTarget /var/folders/qg/4xvmmmf117d2clwngc3bpps00000gp/T/npm-1328047839126/1328047839126-0.390085537917912/contents/package
silly gunzTarPerm modes [ '755', '644' ]
silly spawning [ 'tar',
silly spawning   [ '-zmvxpf',
silly spawning     '/var/folders/qg/4xvmmmf117d2clwngc3bpps00000gp/T/npm-1328047839126/1328047839126-0.390085537917912/tmp.tgz' ],
silly spawning   '/var/folders/qg/4xvmmmf117d2clwngc3bpps00000gp/T/npm-1328047839126/1328047839126-0.390085537917912/contents/___package.npm' ]
silly tar err x package/init.js
silly tar err x package/LICENSE
silly tar err x package/package.json
silly tar err x package/README.markdown
silly tar exit 0
silly asyncMap in gTP /var/folders/qg/4xvmmmf117d2clwngc3bpps00000gp/T/npm-1328047839126/1328047839126-0.390085537917912/contents/___package.npm/package
silly asyncMap in gTP /var/folders/qg/4xvmmmf117d2clwngc3bpps00000gp/T/npm-1328047839126/1328047839126-0.390085537917912/contents/___package.npm/package/init.js
silly asyncMap in gTP /var/folders/qg/4xvmmmf117d2clwngc3bpps00000gp/T/npm-1328047839126/1328047839126-0.390085537917912/contents/___package.npm/package/LICENSE
silly asyncMap in gTP /var/folders/qg/4xvmmmf117d2clwngc3bpps00000gp/T/npm-1328047839126/1328047839126-0.390085537917912/contents/___package.npm/package/package.json
silly asyncMap in gTP /var/folders/qg/4xvmmmf117d2clwngc3bpps00000gp/T/npm-1328047839126/1328047839126-0.390085537917912/contents/___package.npm/package/README.markdown
verbose gunzed /var/folders/qg/4xvmmmf117d2clwngc3bpps00000gp/T/npm-1328047839126/1328047839126-0.390085537917912/contents/___package.npm/package
verbose rm'ed /var/folders/qg/4xvmmmf117d2clwngc3bpps00000gp/T/npm-1328047839126/1328047839126-0.390085537917912/contents/package
verbose renamed [ '/var/folders/qg/4xvmmmf117d2clwngc3bpps00000gp/T/npm-1328047839126/1328047839126-0.390085537917912/contents/___package.npm/package',
verbose renamed   '/var/folders/qg/4xvmmmf117d2clwngc3bpps00000gp/T/npm-1328047839126/1328047839126-0.390085537917912/contents/package' ]
silly testEngine { engines: { node: '>=0.4.7' },
silly testEngine   repository: { url: 'git://github.com/frodwith/node-init.git', type: 'git' },
silly testEngine   maintainers: [ { name: 'Paul Driver', email: 'frodwith@gmail.com' } ],
silly testEngine   version: '0.1.2',
silly testEngine   licences: 
silly testEngine    [ { url: 'http://www.opensource.org/licenses/mit-license',
silly testEngine        type: 'MIT License' } ],
silly testEngine   dependencies: { daemon: '>=0.3.0' },
silly testEngine   name: 'init',
silly testEngine   bugs: { name: 'https://github.com/frodwith/node-init/issues' },
silly testEngine   author: { name: 'Paul Driver', email: 'frodwith@gmail.com' },
silly testEngine   description: 'Turn your node daemon into an LSB-like init script',
silly testEngine   main: './init.js',
silly testEngine   keywords: [ 'daemon', 'init', 'service', 'LSB' ],
silly testEngine   devDependencies: {},
silly testEngine   contributors: [ { name: 'Paul Driver', email: 'frodwith@gmail.com' } ],
silly testEngine   _npmUser: { name: 'damartin', email: 'doug.martin@pollenware.com' },
silly testEngine   _id: 'init@0.1.2',
silly testEngine   _engineSupported: true,
silly testEngine   _npmVersion: '1.0.106',
silly testEngine   _nodeVersion: 'v0.6.2',
silly testEngine   _defaultsLoaded: true,
silly testEngine   path: '/var/folders/qg/4xvmmmf117d2clwngc3bpps00000gp/T/npm-1328047839126/1328047839126-0.390085537917912/contents/package' }
verbose caching /var/folders/qg/4xvmmmf117d2clwngc3bpps00000gp/T/npm-1328047839126/1328047839126-0.390085537917912/contents/package/package.json
verbose loadDefaults init@0.1.2
verbose tarball contents [ 'package' ]
verbose from cache /var/folders/qg/4xvmmmf117d2clwngc3bpps00000gp/T/npm-1328047839126/1328047839126-0.390085537917912/contents/package/package.json
verbose pack /var/folders/qg/4xvmmmf117d2clwngc3bpps00000gp/T/npm-1328047839126/1328047839126-0.390085537917912/contents/package /Users/eds/.npm/init/0.1.2/package.tgz
silly makeList /var/folders/qg/4xvmmmf117d2clwngc3bpps00000gp/T/npm-1328047839126/1328047839126-0.390085537917912/contents/package
verbose mkdir'ed /Users/eds/.npm/init/0.1.2
verbose tar about to write tar and gzip it.
silly tar args [ '-czvf', '-', '-T', '-' ]
silly spawning [ 'tar',
silly spawning   [ '-czvf', '-', '-T', '-' ],
silly spawning   '/var/folders/qg/4xvmmmf117d2clwngc3bpps00000gp/T/npm-1328047839126/1328047839126-0.390085537917912/contents' ]
verbose mkdir (expected) error ENOENT, no such file or directory '/Users/eds/.npm/init/0.1.2/___package.npm'
verbose mkdir done: /Users/eds/.npm/init/0.1.2/___package.npm 755
verbose unpack_ uid, gid [ undefined, undefined ]
verbose unpackTarget /Users/eds/.npm/init/0.1.2/package
silly gunzTarPerm modes [ '755', '644' ]
silly spawning [ 'tar',
silly spawning   [ '-zmvxpf', '/Users/eds/.npm/init/0.1.2/package.tgz' ],
silly spawning   '/Users/eds/.npm/init/0.1.2/___package.npm' ]
silly tar err x package/init.js
silly tar err x package/LICENSE
silly tar err x package/package.json
silly tar err x package/README.markdown
silly tar exit 0
silly asyncMap in gTP /Users/eds/.npm/init/0.1.2/___package.npm/package
silly asyncMap in gTP /Users/eds/.npm/init/0.1.2/___package.npm/package/init.js
silly asyncMap in gTP /Users/eds/.npm/init/0.1.2/___package.npm/package/LICENSE
silly asyncMap in gTP /Users/eds/.npm/init/0.1.2/___package.npm/package/package.json
silly asyncMap in gTP /Users/eds/.npm/init/0.1.2/___package.npm/package/README.markdown
verbose gunzed /Users/eds/.npm/init/0.1.2/___package.npm/package
verbose rm'ed /Users/eds/.npm/init/0.1.2/package
verbose renamed [ '/Users/eds/.npm/init/0.1.2/___package.npm/package',
verbose renamed   '/Users/eds/.npm/init/0.1.2/package' ]
silly testEngine { engines: { node: '>=0.4.7' },
silly testEngine   repository: 
silly testEngine    { url: 'https://github.com/frodwith/node-init.git',
silly testEngine      type: 'git' },
silly testEngine   maintainers: [ { name: 'Paul Driver', email: 'frodwith@gmail.com' } ],
silly testEngine   version: '0.1.2',
silly testEngine   licences: 
silly testEngine    [ { url: 'http://www.opensource.org/licenses/mit-license',
silly testEngine        type: 'MIT License' } ],
silly testEngine   dependencies: { daemon: '>=0.3.0' },
silly testEngine   name: 'init',
silly testEngine   bugs: { name: 'https://github.com/frodwith/node-init/issues' },
silly testEngine   author: { name: 'Paul Driver', email: 'frodwith@gmail.com' },
silly testEngine   description: 'Turn your node daemon into an LSB-like init script',
silly testEngine   main: './init.js',
silly testEngine   keywords: [ 'daemon', 'init', 'service', 'LSB' ],
silly testEngine   devDependencies: {},
silly testEngine   contributors: [ { name: 'Paul Driver', email: 'frodwith@gmail.com' } ],
silly testEngine   _npmUser: { name: 'damartin', email: 'doug.martin@pollenware.com' },
silly testEngine   _id: 'init@0.1.2',
silly testEngine   _engineSupported: true,
silly testEngine   _npmVersion: '1.0.106',
silly testEngine   _nodeVersion: 'v0.6.2',
silly testEngine   _defaultsLoaded: true,
silly testEngine   dist: { shasum: 'f9d7fbf132fc294b9d429427c3db1c70ac2e0a08' } }
verbose caching /Users/eds/.npm/init/0.1.2/package/package.json
verbose loadDefaults init@0.1.2
silly updated sha bytes 10240
info shasum f9d7fbf132fc294b9d429427c3db1c70ac2e0a08
info shasum /Users/eds/.npm/init/0.1.2/package.tgz
verbose from cache /Users/eds/.npm/init/0.1.2/package/package.json
verbose chmod /Users/eds/.npm/init/0.1.2/package.tgz 644
verbose chown [ '/Users/eds/.npm/init/0.1.2/package.tgz', 502, 20 ]
silly exec git "submodule" "status"
silly spawning [ 'git', [ 'submodule', 'status' ], '/Users/eds/git/comb' ]
silly exec git "submodule" "add" "https://github.com/frodwith/node-init.git" "node_modules/init"
silly spawning [ 'git',
silly spawning   [ 'submodule',
silly spawning     'add',
silly spawning     'https://github.com/frodwith/node-init.git',
silly spawning     'node_modules/init' ],
silly spawning   '/Users/eds/git/comb' ]
ERR! Error: `git "submodule" "add" "https://github.com/frodwith/node-init.git" "node_modules/init"` failed with 1
ERR!     at ChildProcess.<anonymous> (/usr/local/lib/node_modules/npm/lib/utils/exec.js:49:20)
ERR!     at ChildProcess.emit (events.js:70:17)
ERR!     at maybeExit (child_process.js:359:16)
ERR!     at Process.onexit (child_process.js:395:5)
ERR! Report this *entire* log at:
ERR!     <http://github.com/isaacs/npm/issues>
ERR! or email it to:
ERR!     <npm-@googlegroups.com>
ERR! 
ERR! System Darwin 11.2.0
ERR! command "node" "/usr/local/bin/npm" "submodule" "init"
ERR! cwd /Users/eds/git/comb
ERR! node -v v0.6.2
ERR! npm -v 1.0.106
verbose exit [ 1, true ]
